make --dry-run --keep-going --print-directory
make: Entering directory '/home/krepo/GITHUB/rank5/ft_irc'
mkdir -p obj/
c++ -Wall -Wextra -Werror -std=c++20 -MMD -MP -c main.cpp -o obj/main.o
echo "\033[0;33mCompiling: main.cpp\033[0m"
mkdir -p obj/
c++ -Wall -Wextra -Werror -std=c++20 -MMD -MP -c Server.cpp -o obj/Server.o
echo "\033[0;33mCompiling: Server.cpp\033[0m"
mkdir -p obj/
c++ -Wall -Wextra -Werror -std=c++20 -MMD -MP -c Client.cpp -o obj/Client.o
echo "\033[0;33mCompiling: Client.cpp\033[0m"
mkdir -p obj/
c++ -Wall -Wextra -Werror -std=c++20 -MMD -MP -c parse.cpp -o obj/parse.o
echo "\033[0;33mCompiling: parse.cpp\033[0m"
mkdir -p obj/
c++ -Wall -Wextra -Werror -std=c++20 -MMD -MP -c Pass.cpp -o obj/Pass.o
echo "\033[0;33mCompiling: Pass.cpp\033[0m"
mkdir -p obj/
c++ -Wall -Wextra -Werror -std=c++20 -MMD -MP -c Nick.cpp -o obj/Nick.o
echo "\033[0;33mCompiling: Nick.cpp\033[0m"
mkdir -p obj/
c++ -Wall -Wextra -Werror -std=c++20 -MMD -MP -c User.cpp -o obj/User.o
echo "\033[0;33mCompiling: User.cpp\033[0m"
mkdir -p obj/
c++ -Wall -Wextra -Werror -std=c++20 -MMD -MP -c Channel.cpp -o obj/Channel.o
echo "\033[0;33mCompiling: Channel.cpp\033[0m"
mkdir -p obj/
c++ -Wall -Wextra -Werror -std=c++20 -MMD -MP -c Quit.cpp -o obj/Quit.o
echo "\033[0;33mCompiling: Quit.cpp\033[0m"
c++ -Wall -Wextra -Werror -std=c++20 obj/main.o obj/Server.o obj/Client.o obj/parse.o obj/Pass.o obj/Nick.o obj/User.o obj/Channel.o obj/Quit.o -o ircserv
echo "\033[0;32mSuccess: ircserv built.\033[0m"
make: Leaving directory '/home/krepo/GITHUB/rank5/ft_irc'
 
